<?xml version="1.0" encoding="UTF-8"?>
<testng-results ignored="0" total="2" passed="2" failed="0" skipped="0">
  <reporter-output>
  </reporter-output>
  <suite started-at="2022-07-23T19:35:09 IST" name="Default suite" finished-at="2022-07-23T19:35:09 IST" duration-ms="59">
    <groups>
      <group name="regression">
        <method signature="DownStream.delete()[pri:0, instance:DownStream@662b4c69]" name="delete" class="DownStream"/>
      </group> <!-- regression -->
      <group name="smoke">
        <method signature="DownStream.create()[pri:0, instance:DownStream@662b4c69]" name="create" class="DownStream"/>
      </group> <!-- smoke -->
    </groups>
    <test started-at="2022-07-23T19:35:09 IST" name="Default test" finished-at="2022-07-23T19:35:09 IST" duration-ms="59">
      <class name="DownStream">
        <test-method signature="create()[pri:0, instance:DownStream@662b4c69]" started-at="2022-07-23T19:35:09 IST" name="create" finished-at="2022-07-23T19:35:09 IST" duration-ms="9" status="PASS">
          <reporter-output>
          </reporter-output>
        </test-method> <!-- create -->
        <test-method signature="delete()[pri:0, instance:DownStream@662b4c69]" started-at="2022-07-23T19:35:09 IST" name="delete" finished-at="2022-07-23T19:35:09 IST" duration-ms="2" status="PASS">
          <reporter-output>
          </reporter-output>
        </test-method> <!-- delete -->
      </class> <!-- DownStream -->
    </test> <!-- Default test -->
  </suite> <!-- Default suite -->
</testng-results>
