<?xml version="1.0" encoding="UTF-8"?>
<testng-results ignored="0" total="2" passed="2" failed="0" skipped="0">
  <reporter-output>
  </reporter-output>
  <suite started-at="2022-07-23T19:34:50 IST" name="Default suite" finished-at="2022-07-23T19:34:50 IST" duration-ms="112">
    <groups>
      <group name="regression">
        <method signature="UpStream.edit()[pri:0, instance:UpStream@662b4c69]" name="edit" class="UpStream"/>
      </group> <!-- regression -->
      <group name="smoke">
        <method signature="UpStream.delete()[pri:0, instance:UpStream@662b4c69]" name="delete" class="UpStream"/>
      </group> <!-- smoke -->
    </groups>
    <test started-at="2022-07-23T19:34:50 IST" name="Default test" finished-at="2022-07-23T19:34:50 IST" duration-ms="112">
      <class name="UpStream">
        <test-method signature="delete()[pri:0, instance:UpStream@662b4c69]" started-at="2022-07-23T19:34:50 IST" name="delete" finished-at="2022-07-23T19:34:50 IST" duration-ms="16" status="PASS">
          <reporter-output>
          </reporter-output>
        </test-method> <!-- delete -->
        <test-method signature="edit()[pri:0, instance:UpStream@662b4c69]" started-at="2022-07-23T19:34:50 IST" name="edit" finished-at="2022-07-23T19:34:50 IST" duration-ms="4" status="PASS">
          <reporter-output>
          </reporter-output>
        </test-method> <!-- edit -->
      </class> <!-- UpStream -->
    </test> <!-- Default test -->
  </suite> <!-- Default suite -->
</testng-results>
